<?xml version="1.0" encoding="UTF-8" ?>
<testsuite tests="2" failures="2" name="co.unicauca.openmarket.server.domain.ProductServiceTest" time="0.022" errors="0" skipped="0">
  <properties>
[...]
</properties>
  <testcase classname="co.unicauca.openmarket.server.domain.ProductServiceTest" name="co.unicauca.openmarket.server.domain.ProductServiceTest.testCreateProduct" time="0.022">
    <failure message="Cannot invoke &quot;String.isEmpty()&quot; because &quot;type&quot; is null" type="java.lang.NullPointerException">java.lang.NullPointerException: Cannot invoke &quot;String.isEmpty()&quot; because &quot;type&quot; is null
	at co.unicauca.openmarket.server.access.Factory.getRepository(Factory.java:39)
	at co.unicauca.openmarket.server.domain.ProductServiceTest.testCreateProduct(ProductServiceTest.java:44)
</failure>
    <system-out>Error al cargar el archivo
</system-out>
  </testcase>
  <testcase classname="co.unicauca.openmarket.server.domain.ProductServiceTest" name="co.unicauca.openmarket.server.domain.ProductServiceTest.testFindProduct" time="0">
    <failure message="Cannot invoke &quot;String.isEmpty()&quot; because &quot;type&quot; is null" type="java.lang.NullPointerException">java.lang.NullPointerException: Cannot invoke &quot;String.isEmpty()&quot; because &quot;type&quot; is null
	at co.unicauca.openmarket.server.access.Factory.getRepository(Factory.java:39)
	at co.unicauca.openmarket.server.domain.ProductServiceTest.testFindProduct(ProductServiceTest.java:22)
</failure>
    <system-out>findProduct
Error al cargar el archivo
</system-out>
  </testcase>
</testsuite>